<?xml version="1.0" encoding="utf-8"?><testsuites name="pytest tests"><testsuite name="pytest" errors="0" failures="0" skipped="0" tests="42" time="9.611" timestamp="2026-01-20T20:14:17.574068+00:00" hostname="agent-env-016ebb3d-0ebf-4464-a410-83921f5292df"><testcase classname="tests.test_refactored_backend.TestHealthCheck" name="test_api_root" time="0.148" /><testcase classname="tests.test_refactored_backend.TestAuthentication" name="test_login_with_admin_email" time="0.026" /><testcase classname="tests.test_refactored_backend.TestAuthentication" name="test_login_with_admin_username" time="0.028" /><testcase classname="tests.test_refactored_backend.TestAuthentication" name="test_login_invalid_credentials" time="0.025" /><testcase classname="tests.test_refactored_backend.TestAuthentication" name="test_get_current_user" time="0.040" /><testcase classname="tests.test_refactored_backend.TestTransactions" name="test_01_get_transactions" time="0.019" /><testcase classname="tests.test_refactored_backend.TestTransactions" name="test_02_get_summary" time="0.056" /><testcase classname="tests.test_refactored_backend.TestTransactions" name="test_03_create_expense_transaction" time="0.021" /><testcase classname="tests.test_refactored_backend.TestTransactions" name="test_04_verify_transaction_created" time="0.097" /><testcase classname="tests.test_refactored_backend.TestTransactions" name="test_05_update_transaction" time="0.080" /><testcase classname="tests.test_refactored_backend.TestTransactions" name="test_06_delete_transaction" time="0.015" /><testcase classname="tests.test_refactored_backend.TestTransactions" name="test_07_verify_transaction_deleted" time="0.399" /><testcase classname="tests.test_refactored_backend.TestAnalytics" name="test_get_analytics" time="0.014" /><testcase classname="tests.test_refactored_backend.TestAnalytics" name="test_get_budget_growth" time="0.014" /><testcase classname="tests.test_refactored_backend.TestAnalytics" name="test_get_investment_growth" time="0.056" /><testcase classname="tests.test_refactored_backend.TestPortfolio" name="test_get_portfolio" time="0.013" /><testcase classname="tests.test_refactored_backend.TestRecurringTransactions" name="test_01_get_recurring_transactions" time="0.011" /><testcase classname="tests.test_refactored_backend.TestRecurringTransactions" name="test_02_create_recurring_transaction" time="0.058" /><testcase classname="tests.test_refactored_backend.TestRecurringTransactions" name="test_03_verify_recurring_created" time="0.011" /><testcase classname="tests.test_refactored_backend.TestRecurringTransactions" name="test_04_toggle_recurring_transaction" time="0.016" /><testcase classname="tests.test_refactored_backend.TestRecurringTransactions" name="test_05_update_recurring_transaction" time="0.016" /><testcase classname="tests.test_refactored_backend.TestRecurringTransactions" name="test_06_process_recurring_transactions" time="0.054" /><testcase classname="tests.test_refactored_backend.TestRecurringTransactions" name="test_07_delete_recurring_transaction" time="0.012" /><testcase classname="tests.test_refactored_backend.TestBudgetEnvelopes" name="test_01_get_envelopes" time="0.057" /><testcase classname="tests.test_refactored_backend.TestBudgetEnvelopes" name="test_02_create_envelope" time="0.017" /><testcase classname="tests.test_refactored_backend.TestBudgetEnvelopes" name="test_03_allocate_to_envelope" time="0.014" /><testcase classname="tests.test_refactored_backend.TestBudgetEnvelopes" name="test_04_add_envelope_transaction" time="0.020" /><testcase classname="tests.test_refactored_backend.TestBudgetEnvelopes" name="test_05_get_envelope_transactions" time="0.061" /><testcase classname="tests.test_refactored_backend.TestBudgetEnvelopes" name="test_06_delete_envelope_transaction" time="0.016" /><testcase classname="tests.test_refactored_backend.TestBudgetEnvelopes" name="test_07_delete_envelope" time="0.014" /><testcase classname="tests.test_refactored_backend.TestCurrency" name="test_get_currencies" time="0.012" /><testcase classname="tests.test_refactored_backend.TestCurrency" name="test_get_exchange_rates" time="0.011" /><testcase classname="tests.test_refactored_backend.TestQuoteOfDay" name="test_get_quote" time="0.219" /><testcase classname="tests.test_refactored_backend.TestAIAssistant" name="test_ai_assistant" time="7.262" /><testcase classname="tests.test_refactored_backend.TestAIAssistant" name="test_ai_assistant_empty_question" time="0.013" /><testcase classname="tests.test_refactored_backend.TestVoiceParsing" name="test_parse_expense" time="0.100" /><testcase classname="tests.test_refactored_backend.TestVoiceParsing" name="test_parse_income" time="0.013" /><testcase classname="tests.test_refactored_backend.TestCustomCategories" name="test_01_get_custom_categories" time="0.013" /><testcase classname="tests.test_refactored_backend.TestCustomCategories" name="test_02_create_custom_category" time="0.015" /><testcase classname="tests.test_refactored_backend.TestCustomCategories" name="test_03_verify_category_created" time="0.013" /><testcase classname="tests.test_refactored_backend.TestCustomCategories" name="test_04_update_custom_category" time="0.082" /><testcase classname="tests.test_refactored_backend.TestCustomCategories" name="test_05_delete_custom_category" time="0.013" /></testsuite></testsuites>