<?xml version="1.0" encoding="utf-8"?><testsuites name="pytest tests"><testsuite name="pytest" errors="0" failures="0" skipped="0" tests="10" time="2.589" timestamp="2026-01-19T01:29:03.433458+00:00" hostname="agent-env-016ebb3d-0ebf-4464-a410-83921f5292df"><testcase classname="tests.test_stripe_checkout.TestAdminLogin" name="test_admin_login_with_username" time="0.108" /><testcase classname="tests.test_stripe_checkout.TestStripeCheckout" name="test_create_checkout_monthly" time="0.831" /><testcase classname="tests.test_stripe_checkout.TestStripeCheckout" name="test_create_checkout_yearly" time="0.438" /><testcase classname="tests.test_stripe_checkout.TestStripeCheckout" name="test_checkout_requires_auth" time="0.012" /><testcase classname="tests.test_stripe_checkout.TestStripeCheckout" name="test_checkout_invalid_package" time="0.053" /><testcase classname="tests.test_stripe_checkout.TestUserProfile" name="test_free_user_profile" time="0.021" /><testcase classname="tests.test_stripe_checkout.TestUserProfile" name="test_admin_is_premium" time="0.037" /><testcase classname="tests.test_stripe_checkout.TestTrialEndpoint" name="test_start_trial" time="0.399" /><testcase classname="tests.test_stripe_checkout.TestTrialEndpoint" name="test_trial_cannot_start_twice" time="0.511" /><testcase classname="tests.test_stripe_checkout.TestQuoteEndpoint" name="test_quote_endpoint" time="0.012" /></testsuite></testsuites>