<?xml version="1.0" encoding="utf-8"?><testsuites name="pytest tests"><testsuite name="pytest" errors="0" failures="2" skipped="0" tests="10" time="1.562" timestamp="2026-01-18T23:20:09.331601+00:00" hostname="agent-env-d273a491-79b0-4f9d-8578-bd3c26a8e88e"><testcase classname="tests.test_premium_tier.TestUserMeEndpoint" name="test_me_endpoint_returns_trial_fields" time="0.126" /><testcase classname="tests.test_premium_tier.TestFreeTrialEndpoint" name="test_start_trial_success" time="0.437" /><testcase classname="tests.test_premium_tier.TestFreeTrialEndpoint" name="test_start_trial_twice_fails" time="0.138" /><testcase classname="tests.test_premium_tier.TestFreeTrialEndpoint" name="test_trial_user_has_premium_access" time="0.018" /><testcase classname="tests.test_premium_tier.TestTrialStatusEndpoint" name="test_trial_status_for_trial_user" time="0.018" /><testcase classname="tests.test_premium_tier.TestAdminPremiumStatus" name="test_admin_is_premium" time="0.058" /><testcase classname="tests.test_premium_tier.TestFreeUserStatus" name="test_new_user_is_free" time="0.451" /><testcase classname="tests.test_premium_tier.TestSubscriptionPackages" name="test_create_checkout_monthly" time="0.031"><failure message="assert 520 == 200&#10; +  where 520 = &lt;Response [520]&gt;.status_code">tests/test_premium_tier.py:263: in test_create_checkout_monthly
    assert response.status_code == 200
E   assert 520 == 200
E    +  where 520 = &lt;Response [520]&gt;.status_code</failure></testcase><testcase classname="tests.test_premium_tier.TestSubscriptionPackages" name="test_create_checkout_yearly" time="0.023"><failure message="assert 520 == 200&#10; +  where 520 = &lt;Response [520]&gt;.status_code">tests/test_premium_tier.py:284: in test_create_checkout_yearly
    assert response.status_code == 200
E   assert 520 == 200
E    +  where 520 = &lt;Response [520]&gt;.status_code</failure></testcase><testcase classname="tests.test_premium_tier.TestSubscriptionPackages" name="test_invalid_package_fails" time="0.010" /></testsuite></testsuites>