<?xml version="1.0" encoding="utf-8"?><testsuites name="pytest tests"><testsuite name="pytest" errors="0" failures="0" skipped="0" tests="16" time="2.501" timestamp="2026-01-14T19:03:11.829809+00:00" hostname="agent-env-89f4615e-d97e-4d1f-bcb4-0aeb65fe85ba"><testcase classname="tests.test_backend_api.TestHealthCheck" name="test_api_root" time="0.232" /><testcase classname="tests.test_backend_api.TestAuthentication" name="test_login_success" time="0.168" /><testcase classname="tests.test_backend_api.TestAuthentication" name="test_login_invalid_credentials" time="0.031" /><testcase classname="tests.test_backend_api.TestQuoteOfDay" name="test_get_quote" time="0.058" /><testcase classname="tests.test_backend_api.TestBudgetEnvelopes" name="test_01_list_envelopes" time="0.176" /><testcase classname="tests.test_backend_api.TestBudgetEnvelopes" name="test_02_create_envelope" time="0.061" /><testcase classname="tests.test_backend_api.TestBudgetEnvelopes" name="test_03_verify_envelope_created" time="0.162" /><testcase classname="tests.test_backend_api.TestBudgetEnvelopes" name="test_04_add_transaction_to_envelope" time="0.018" /><testcase classname="tests.test_backend_api.TestBudgetEnvelopes" name="test_05_verify_transaction_created" time="0.052" /><testcase classname="tests.test_backend_api.TestBudgetEnvelopes" name="test_06_delete_transaction" time="0.170" /><testcase classname="tests.test_backend_api.TestBudgetEnvelopes" name="test_07_verify_transaction_deleted" time="0.055" /><testcase classname="tests.test_backend_api.TestBudgetEnvelopes" name="test_08_delete_envelope" time="0.201" /><testcase classname="tests.test_backend_api.TestBudgetEnvelopes" name="test_09_verify_envelope_deleted" time="0.011" /><testcase classname="tests.test_backend_api.TestCurrencies" name="test_get_currencies" time="0.051" /><testcase classname="tests.test_backend_api.TestTransactions" name="test_get_transactions" time="0.022" /><testcase classname="tests.test_backend_api.TestTransactions" name="test_get_summary" time="0.154" /></testsuite></testsuites>