<?xml version="1.0" encoding="utf-8"?><testsuites name="pytest tests"><testsuite name="pytest" errors="0" failures="0" skipped="0" tests="10" time="2.384" timestamp="2026-01-18T23:20:57.411091+00:00" hostname="agent-env-d273a491-79b0-4f9d-8578-bd3c26a8e88e"><testcase classname="tests.test_premium_tier.TestUserMeEndpoint" name="test_me_endpoint_returns_trial_fields" time="0.114" /><testcase classname="tests.test_premium_tier.TestFreeTrialEndpoint" name="test_start_trial_success" time="0.469" /><testcase classname="tests.test_premium_tier.TestFreeTrialEndpoint" name="test_start_trial_twice_fails" time="0.016" /><testcase classname="tests.test_premium_tier.TestFreeTrialEndpoint" name="test_trial_user_has_premium_access" time="0.056" /><testcase classname="tests.test_premium_tier.TestTrialStatusEndpoint" name="test_trial_status_for_trial_user" time="0.056" /><testcase classname="tests.test_premium_tier.TestAdminPremiumStatus" name="test_admin_is_premium" time="0.017" /><testcase classname="tests.test_premium_tier.TestFreeUserStatus" name="test_new_user_is_free" time="0.355" /><testcase classname="tests.test_premium_tier.TestSubscriptionPackages" name="test_create_checkout_monthly" time="0.766" /><testcase classname="tests.test_premium_tier.TestSubscriptionPackages" name="test_create_checkout_yearly" time="0.426" /><testcase classname="tests.test_premium_tier.TestSubscriptionPackages" name="test_invalid_package_fails" time="0.010" /></testsuite></testsuites>