<?xml version="1.0" encoding="utf-8"?><testsuites name="pytest tests"><testsuite name="pytest" errors="0" failures="1" skipped="0" tests="10" time="2.715" timestamp="2026-01-19T01:28:43.179621+00:00" hostname="agent-env-016ebb3d-0ebf-4464-a410-83921f5292df"><testcase classname="tests.test_stripe_checkout.TestAdminLogin" name="test_admin_login_with_username" time="0.122"><failure message="AssertionError: assert (None == True or None == 'admin')&#10; +  where None = &lt;built-in method get of dict object at 0x7dc50f29c900&gt;('is_admin')&#10; +    where &lt;built-in method get of dict object at 0x7dc50f29c900&gt; = {'access_token': 'eyJhbGciOiJIUzI1NiIsInR5cCI6IkpXVCJ9.eyJ1c2VyX2lkIjoiZmQ5Y2Q3YTEtNDE5YS00MjE3LWE5MGMtYWZiNzBjZjJmOTcwIiwiZXhwIjoxNzY4ODcyNTIzLCJpYXQiOjE3Njg3ODYxMjN9.W6uAiinaLQ87-AlY9vJSkUW9B4bgk1ZcF7syRUfGF0U', 'is_premium': True, 'token_type': 'bearer', 'user_id': 'fd9cd7a1-419a-4217-a90c-afb70cf2f970'}.get&#10; +  and   None = &lt;built-in method get of dict object at 0x7dc50f29c900&gt;('role')&#10; +    where &lt;built-in method get of dict object at 0x7dc50f29c900&gt; = {'access_token': 'eyJhbGciOiJIUzI1NiIsInR5cCI6IkpXVCJ9.eyJ1c2VyX2lkIjoiZmQ5Y2Q3YTEtNDE5YS00MjE3LWE5MGMtYWZiNzBjZjJmOTcwIiwiZXhwIjoxNzY4ODcyNTIzLCJpYXQiOjE3Njg3ODYxMjN9.W6uAiinaLQ87-AlY9vJSkUW9B4bgk1ZcF7syRUfGF0U', 'is_premium': True, 'token_type': 'bearer', 'user_id': 'fd9cd7a1-419a-4217-a90c-afb70cf2f970'}.get">tests/test_stripe_checkout.py:73: in test_admin_login_with_username
    assert data.get("is_admin") == True or data.get("role") == "admin"
E   AssertionError: assert (None == True or None == 'admin')
E    +  where None = &lt;built-in method get of dict object at 0x7dc50f29c900&gt;('is_admin')
E    +    where &lt;built-in method get of dict object at 0x7dc50f29c900&gt; = {'access_token': 'eyJhbGciOiJIUzI1NiIsInR5cCI6IkpXVCJ9.eyJ1c2VyX2lkIjoiZmQ5Y2Q3YTEtNDE5YS00MjE3LWE5MGMtYWZiNzBjZjJmOTcwIiwiZXhwIjoxNzY4ODcyNTIzLCJpYXQiOjE3Njg3ODYxMjN9.W6uAiinaLQ87-AlY9vJSkUW9B4bgk1ZcF7syRUfGF0U', 'is_premium': True, 'token_type': 'bearer', 'user_id': 'fd9cd7a1-419a-4217-a90c-afb70cf2f970'}.get
E    +  and   None = &lt;built-in method get of dict object at 0x7dc50f29c900&gt;('role')
E    +    where &lt;built-in method get of dict object at 0x7dc50f29c900&gt; = {'access_token': 'eyJhbGciOiJIUzI1NiIsInR5cCI6IkpXVCJ9.eyJ1c2VyX2lkIjoiZmQ5Y2Q3YTEtNDE5YS00MjE3LWE5MGMtYWZiNzBjZjJmOTcwIiwiZXhwIjoxNzY4ODcyNTIzLCJpYXQiOjE3Njg3ODYxMjN9.W6uAiinaLQ87-AlY9vJSkUW9B4bgk1ZcF7syRUfGF0U', 'is_premium': True, 'token_type': 'bearer', 'user_id': 'fd9cd7a1-419a-4217-a90c-afb70cf2f970'}.get</failure></testcase><testcase classname="tests.test_stripe_checkout.TestStripeCheckout" name="test_create_checkout_monthly" time="0.878" /><testcase classname="tests.test_stripe_checkout.TestStripeCheckout" name="test_create_checkout_yearly" time="0.397" /><testcase classname="tests.test_stripe_checkout.TestStripeCheckout" name="test_checkout_requires_auth" time="0.010" /><testcase classname="tests.test_stripe_checkout.TestStripeCheckout" name="test_checkout_invalid_package" time="0.025" /><testcase classname="tests.test_stripe_checkout.TestUserProfile" name="test_free_user_profile" time="0.016" /><testcase classname="tests.test_stripe_checkout.TestUserProfile" name="test_admin_is_premium" time="0.031" /><testcase classname="tests.test_stripe_checkout.TestTrialEndpoint" name="test_start_trial" time="0.407" /><testcase classname="tests.test_stripe_checkout.TestTrialEndpoint" name="test_trial_cannot_start_twice" time="0.501" /><testcase classname="tests.test_stripe_checkout.TestQuoteEndpoint" name="test_quote_endpoint" time="0.014" /></testsuite></testsuites>