<?xml version="1.0" encoding="utf-8"?><testsuites name="pytest tests"><testsuite name="pytest" errors="0" failures="0" skipped="0" tests="46" time="15.086" timestamp="2026-02-07T17:11:50.056299+00:00" hostname="agent-env-79e3fdcf-f169-46d2-a991-b1692f249127"><testcase classname="backend.tests.test_ai_assistant.TestAIAssistantBasics" name="test_endpoint_requires_question" time="0.126" /><testcase classname="backend.tests.test_ai_assistant.TestAIAssistantBasics" name="test_endpoint_with_empty_question" time="0.077" /><testcase classname="backend.tests.test_ai_assistant.TestAIAssistantBasics" name="test_endpoint_returns_answer" time="4.948" /><testcase classname="backend.tests.test_ai_assistant.TestSummaryQueries" name="test_summary_query" time="2.126" /><testcase classname="backend.tests.test_ai_assistant.TestSummaryQueries" name="test_overview_query" time="2.814" /><testcase classname="backend.tests.test_ai_assistant.TestSummaryQueries" name="test_total_balance_query" time="0.640" /><testcase classname="backend.tests.test_ai_assistant.TestExpenseQueries" name="test_how_much_spent_query" time="0.099" /><testcase classname="backend.tests.test_ai_assistant.TestExpenseQueries" name="test_expense_last_month" time="0.081" /><testcase classname="backend.tests.test_ai_assistant.TestExpenseQueries" name="test_expense_this_month" time="0.076" /><testcase classname="backend.tests.test_ai_assistant.TestExpenseQueries" name="test_expense_this_year" time="0.078" /><testcase classname="backend.tests.test_ai_assistant.TestExpenseQueries" name="test_expense_last_7_days" time="0.074" /><testcase classname="backend.tests.test_ai_assistant.TestExpenseQueries" name="test_expense_last_30_days" time="0.075" /><testcase classname="backend.tests.test_ai_assistant.TestIncomeQueries" name="test_how_much_earned_query" time="0.132" /><testcase classname="backend.tests.test_ai_assistant.TestIncomeQueries" name="test_income_this_year" time="0.084" /><testcase classname="backend.tests.test_ai_assistant.TestIncomeQueries" name="test_income_last_month" time="0.079" /><testcase classname="backend.tests.test_ai_assistant.TestIncomeQueries" name="test_salary_query" time="0.081" /><testcase classname="backend.tests.test_ai_assistant.TestIncomeQueries" name="test_tips_query" time="0.080" /><testcase classname="backend.tests.test_ai_assistant.TestInvestmentQueries" name="test_total_invested_query" time="0.077" /><testcase classname="backend.tests.test_ai_assistant.TestInvestmentQueries" name="test_crypto_investment_query" time="0.078" /><testcase classname="backend.tests.test_ai_assistant.TestInvestmentQueries" name="test_stocks_investment_query" time="0.076" /><testcase classname="backend.tests.test_ai_assistant.TestInvestmentQueries" name="test_etf_investment_query" time="0.075" /><testcase classname="backend.tests.test_ai_assistant.TestInvestmentQueries" name="test_portfolio_query" time="0.075" /><testcase classname="backend.tests.test_ai_assistant.TestCategorySpecificQueries" name="test_groceries_expense_query" time="0.074" /><testcase classname="backend.tests.test_ai_assistant.TestCategorySpecificQueries" name="test_restaurants_expense_query" time="0.080" /><testcase classname="backend.tests.test_ai_assistant.TestCategorySpecificQueries" name="test_rent_expense_query" time="0.718" /><testcase classname="backend.tests.test_ai_assistant.TestCategorySpecificQueries" name="test_transport_expense_query" time="0.080" /><testcase classname="backend.tests.test_ai_assistant.TestNonExistentCategoryQueries" name="test_travel_category_not_found" time="0.073" /><testcase classname="backend.tests.test_ai_assistant.TestNonExistentCategoryQueries" name="test_vacation_category_not_found" time="0.072" /><testcase classname="backend.tests.test_ai_assistant.TestNonExistentCategoryQueries" name="test_gym_category_not_found" time="0.077" /><testcase classname="backend.tests.test_ai_assistant.TestQuarterDateParsing" name="test_q1_expense_query" time="0.122" /><testcase classname="backend.tests.test_ai_assistant.TestQuarterDateParsing" name="test_q2_expense_query" time="0.081" /><testcase classname="backend.tests.test_ai_assistant.TestQuarterDateParsing" name="test_q3_expense_query" time="0.074" /><testcase classname="backend.tests.test_ai_assistant.TestQuarterDateParsing" name="test_q4_expense_query" time="0.077" /><testcase classname="backend.tests.test_ai_assistant.TestQuarterDateParsing" name="test_q1_with_year" time="0.078" /><testcase classname="backend.tests.test_ai_assistant.TestRelativeDateParsing" name="test_today_query" time="0.074" /><testcase classname="backend.tests.test_ai_assistant.TestRelativeDateParsing" name="test_this_week_query" time="0.081" /><testcase classname="backend.tests.test_ai_assistant.TestRelativeDateParsing" name="test_last_week_query" time="0.085" /><testcase classname="backend.tests.test_ai_assistant.TestRelativeDateParsing" name="test_last_3_months_query" time="0.142" /><testcase classname="backend.tests.test_ai_assistant.TestRelativeDateParsing" name="test_last_6_months_query" time="0.112" /><testcase classname="backend.tests.test_ai_assistant.TestRelativeDateParsing" name="test_specific_month_query" time="0.076" /><testcase classname="backend.tests.test_ai_assistant.TestRelativeDateParsing" name="test_specific_month_with_year" time="0.074" /><testcase classname="backend.tests.test_ai_assistant.TestCombinedQueries" name="test_category_with_date_range" time="0.081" /><testcase classname="backend.tests.test_ai_assistant.TestCombinedQueries" name="test_income_category_with_date" time="0.070" /><testcase classname="backend.tests.test_ai_assistant.TestCombinedQueries" name="test_investment_with_quarter" time="0.073" /><testcase classname="backend.tests.test_ai_assistant.TestResponseFormat" name="test_expense_response_has_total" time="0.081" /><testcase classname="backend.tests.test_ai_assistant.TestResponseFormat" name="test_response_contains_period" time="0.069" /></testsuite></testsuites>