<?xml version="1.0" encoding="utf-8"?><testsuites name="pytest tests"><testsuite name="pytest" errors="0" failures="0" skipped="0" tests="25" time="18.453" timestamp="2026-02-07T17:25:51.879228+00:00" hostname="agent-env-79e3fdcf-f169-46d2-a991-b1692f249127"><testcase classname="backend.tests.test_ai_financial_engine.TestInvestmentProfitLoss" name="test_investment_pnl_general_query" time="0.866" /><testcase classname="backend.tests.test_ai_financial_engine.TestInvestmentProfitLoss" name="test_investment_roi_calculation" time="0.183" /><testcase classname="backend.tests.test_ai_financial_engine.TestInvestmentProfitLoss" name="test_investment_shows_current_value" time="0.112" /><testcase classname="backend.tests.test_ai_financial_engine.TestPerAssetBreakdown" name="test_eth_specific_pnl" time="0.108" /><testcase classname="backend.tests.test_ai_financial_engine.TestPerAssetBreakdown" name="test_btc_specific_pnl" time="0.127" /><testcase classname="backend.tests.test_ai_financial_engine.TestPerAssetBreakdown" name="test_bitcoin_synonym_works" time="0.171" /><testcase classname="backend.tests.test_ai_financial_engine.TestPerAssetBreakdown" name="test_ethereum_synonym_works" time="0.181" /><testcase classname="backend.tests.test_ai_financial_engine.TestPerAssetBreakdown" name="test_investment_breakdown_shows_all_assets" time="0.145" /><testcase classname="backend.tests.test_ai_financial_engine.TestMonthOnlyDateParsing" name="test_december_all_years" time="0.108" /><testcase classname="backend.tests.test_ai_financial_engine.TestMonthOnlyDateParsing" name="test_january_all_years" time="0.082" /><testcase classname="backend.tests.test_ai_financial_engine.TestMonthOnlyDateParsing" name="test_december_specific_year" time="0.103" /><testcase classname="backend.tests.test_ai_financial_engine.TestMonthOnlyDateParsing" name="test_november_data_exists" time="0.093" /><testcase classname="backend.tests.test_ai_financial_engine.TestSmartCategoryMatching" name="test_food_combines_multiple_categories" time="0.127" /><testcase classname="backend.tests.test_ai_financial_engine.TestSmartCategoryMatching" name="test_tips_maps_to_commissions_tips" time="0.120" /><testcase classname="backend.tests.test_ai_financial_engine.TestSmartCategoryMatching" name="test_gratuity_maps_to_tips" time="0.128" /><testcase classname="backend.tests.test_ai_financial_engine.TestSmartCategoryMatching" name="test_transport_combines_categories" time="0.159" /><testcase classname="backend.tests.test_ai_financial_engine.TestSmartCategoryMatching" name="test_dining_subset_of_food" time="0.127" /><testcase classname="backend.tests.test_ai_financial_engine.TestSummaryQueriesUseAI" name="test_summary_provides_comprehensive_overview" time="11.679" /><testcase classname="backend.tests.test_ai_financial_engine.TestSummaryQueriesUseAI" name="test_financial_health_query" time="2.625" /><testcase classname="backend.tests.test_ai_financial_engine.TestDataAccuracy" name="test_eth_invested_amount_accurate" time="0.073" /><testcase classname="backend.tests.test_ai_financial_engine.TestDataAccuracy" name="test_btc_invested_amount_accurate" time="0.072" /><testcase classname="backend.tests.test_ai_financial_engine.TestDataAccuracy" name="test_total_crypto_invested" time="0.090" /><testcase classname="backend.tests.test_ai_financial_engine.TestEdgeCases" name="test_empty_question_returns_error" time="0.106" /><testcase classname="backend.tests.test_ai_financial_engine.TestEdgeCases" name="test_missing_question_returns_error" time="0.075" /><testcase classname="backend.tests.test_ai_financial_engine.TestEdgeCases" name="test_investment_query_for_non_existent_asset" time="0.095" /></testsuite></testsuites>